<?xml version="1.0" encoding="UTF-8"?>
<!-- Generated by org.testng.reporters.JUnitXMLReporter -->
<testsuite ignored="4" hostname="Mohankumars-MacBook-Air.local" failures="0" tests="2" name="Test" time="77.339" errors="0" timestamp="2023-05-25T23:41:24 BST">
  <testcase classname="tests.LoginTests" name="login" time="5.563"/>
  <testcase classname="tests.CreateLeadTests" name="login" time="41.94"/>
  <testcase classname="hooks.TestNgHooks" name="@AfterSuite tearDown" time="0.0">
    <ignored/>
  </testcase> <!-- @AfterSuite tearDown -->
  <testcase classname="hooks.TestNgHooks" name="@AfterTest completeTests" time="0.0">
    <ignored/>
  </testcase> <!-- @AfterTest completeTests -->
  <testcase classname="hooks.TestNgHooks" name="@BeforeSuite init" time="0.0">
    <ignored/>
  </testcase> <!-- @BeforeSuite init -->
  <testcase classname="hooks.TestNgHooks" name="@BeforeTest setUpTests" time="0.0">
    <ignored/>
  </testcase> <!-- @BeforeTest setUpTests -->
</testsuite> <!-- Test -->
