<?xml version="1.0" encoding="UTF-8"?>
<testng-results ignored="4" total="6" passed="2" failed="0" skipped="0">
  <reporter-output>
  </reporter-output>
  <suite started-at="2023-05-25T23:40:06 BST" name="Suite" finished-at="2023-05-25T23:41:24 BST" duration-ms="77339">
    <groups>
    </groups>
    <test started-at="2023-05-25T23:40:06 BST" name="Test" finished-at="2023-05-25T23:41:24 BST" duration-ms="77339">
      <class name="tests.LoginTests">
        <test-method is-config="true" signature="init()[pri:0, instance:tests.LoginTests@6f10d5b6]" started-at="2023-05-25T23:40:06 BST" name="init" finished-at="2023-05-25T23:40:06 BST" duration-ms="661" status="PASS">
          <reporter-output>
          </reporter-output>
        </test-method> <!-- init -->
        <test-method is-config="true" signature="setUpTests()[pri:0, instance:tests.LoginTests@6f10d5b6]" started-at="2023-05-25T23:40:06 BST" name="setUpTests" finished-at="2023-05-25T23:40:06 BST" duration-ms="3" status="PASS">
          <reporter-output>
          </reporter-output>
        </test-method> <!-- setUpTests -->
        <test-method is-config="true" signature="setUpData()[pri:0, instance:tests.LoginTests@6f10d5b6]" started-at="2023-05-25T23:40:06 BST" name="setUpData" finished-at="2023-05-25T23:40:06 BST" depends-on-methods="tests.CreateLeadTests.setUpData1, hooks.TestNgHooks.setUpTests" duration-ms="0" status="PASS">
          <reporter-output>
          </reporter-output>
        </test-method> <!-- setUpData -->
        <test-method is-config="true" signature="beforeClass()[pri:0, instance:tests.LoginTests@6f10d5b6]" started-at="2023-05-25T23:40:06 BST" name="beforeClass" finished-at="2023-05-25T23:40:06 BST" duration-ms="10" status="PASS">
          <reporter-output>
          </reporter-output>
        </test-method> <!-- beforeClass -->
        <test-method is-config="true" signature="invoke()[pri:0, instance:tests.LoginTests@6f10d5b6]" started-at="2023-05-25T23:40:08 BST" name="invoke" finished-at="2023-05-25T23:40:25 BST" duration-ms="17057" status="PASS">
          <reporter-output>
          </reporter-output>
        </test-method> <!-- invoke -->
        <test-method signature="login(java.lang.String,java.lang.String)[pri:0, instance:tests.LoginTests@6f10d5b6]" started-at="2023-05-25T23:40:25 BST" name="login" data-provider="FetchExcelData" finished-at="2023-05-25T23:40:30 BST" duration-ms="5563" status="PASS">
          <params>
            <param index="0">
              <value>
                <![CDATA[DemoSalesManager]]>
              </value>
            </param>
            <param index="1">
              <value>
                <![CDATA[crmsfa]]>
              </value>
            </param>
          </params>
          <reporter-output>
          </reporter-output>
        </test-method> <!-- login -->
        <test-method is-config="true" signature="close()[pri:0, instance:tests.LoginTests@6f10d5b6]" started-at="2023-05-25T23:40:30 BST" name="close" finished-at="2023-05-25T23:40:30 BST" duration-ms="143" status="PASS">
          <reporter-output>
          </reporter-output>
        </test-method> <!-- close -->
        <test-method is-config="true" signature="afterClass()[pri:0, instance:tests.LoginTests@6f10d5b6]" started-at="2023-05-25T23:40:30 BST" name="afterClass" finished-at="2023-05-25T23:40:30 BST" duration-ms="1" status="PASS">
          <reporter-output>
          </reporter-output>
        </test-method> <!-- afterClass -->
        <test-method is-config="true" signature="completeTests()[pri:0, instance:tests.LoginTests@6f10d5b6]" started-at="2023-05-25T23:41:24 BST" name="completeTests" finished-at="2023-05-25T23:41:24 BST" duration-ms="0" status="PASS">
          <reporter-output>
          </reporter-output>
        </test-method> <!-- completeTests -->
        <test-method is-config="true" signature="tearDown()[pri:0, instance:tests.LoginTests@6f10d5b6]" started-at="2023-05-25T23:41:24 BST" name="tearDown" finished-at="2023-05-25T23:41:24 BST" duration-ms="543" status="PASS">
          <reporter-output>
          </reporter-output>
        </test-method> <!-- tearDown -->
      </class> <!-- tests.LoginTests -->
      <class name="tests.CreateLeadTests">
        <test-method is-config="true" signature="setUpData1()[pri:0, instance:tests.CreateLeadTests@25be7b63]" started-at="2023-05-25T23:40:06 BST" name="setUpData1" finished-at="2023-05-25T23:40:06 BST" depends-on-methods="hooks.TestNgHooks.setUpTests" duration-ms="1" status="PASS">
          <reporter-output>
          </reporter-output>
        </test-method> <!-- setUpData1 -->
        <test-method is-config="true" signature="beforeClass()[pri:0, instance:tests.CreateLeadTests@25be7b63]" started-at="2023-05-25T23:40:30 BST" name="beforeClass" finished-at="2023-05-25T23:40:30 BST" duration-ms="0" status="PASS">
          <reporter-output>
          </reporter-output>
        </test-method> <!-- beforeClass -->
        <test-method is-config="true" signature="invoke()[pri:0, instance:tests.CreateLeadTests@25be7b63]" started-at="2023-05-25T23:40:31 BST" name="invoke" finished-at="2023-05-25T23:40:42 BST" duration-ms="10956" status="PASS">
          <reporter-output>
          </reporter-output>
        </test-method> <!-- invoke -->
        <test-method signature="login(java.lang.String,java.lang.String,java.lang.String)[pri:0, instance:tests.CreateLeadTests@25be7b63]" started-at="2023-05-25T23:40:42 BST" name="login" data-provider="FetchExcelData" finished-at="2023-05-25T23:41:24 BST" duration-ms="41940" status="PASS">
          <params>
            <param index="0">
              <value>
                <![CDATA[TestLeaf]]>
              </value>
            </param>
            <param index="1">
              <value>
                <![CDATA[Hari]]>
              </value>
            </param>
            <param index="2">
              <value>
                <![CDATA[Radhakrishnan]]>
              </value>
            </param>
          </params>
          <reporter-output>
          </reporter-output>
        </test-method> <!-- login -->
        <test-method is-config="true" signature="close()[pri:0, instance:tests.CreateLeadTests@25be7b63]" started-at="2023-05-25T23:41:24 BST" name="close" finished-at="2023-05-25T23:41:24 BST" duration-ms="183" status="PASS">
          <reporter-output>
          </reporter-output>
        </test-method> <!-- close -->
        <test-method is-config="true" signature="afterClass()[pri:0, instance:tests.CreateLeadTests@25be7b63]" started-at="2023-05-25T23:41:24 BST" name="afterClass" finished-at="2023-05-25T23:41:24 BST" duration-ms="1" status="PASS">
          <reporter-output>
          </reporter-output>
        </test-method> <!-- afterClass -->
      </class> <!-- tests.CreateLeadTests -->
    </test> <!-- Test -->
  </suite> <!-- Suite -->
</testng-results>
